<?xml version="1.0" encoding="UTF-8"?>
<!-- Generated by org.testng.reporters.JUnitReportReporter -->
<testsuite hostname="LAPTOP-28J8ISPE" name="com.edu.login.LoginWrongUsernameTest" tests="1" failures="0" timestamp="13 Dec 2017 06:44:49 GMT" time="7.457" errors="0">
  <testcase name="WrongUsername" time="7.457" classname="com.edu.login.LoginWrongUsernameTest"/>
</testsuite> <!-- com.edu.login.LoginWrongUsernameTest -->
