<?xml version="1.0" encoding="UTF-8"?>
<!-- Generated by org.testng.reporters.JUnitReportReporter -->
<testsuite skipped="0" hostname="LAPTOP-28J8ISPE" name="com.edu.forumtopiclist.DisplayTopicTest" tests="1" failures="0" timestamp="30 十一月 2017 07:49:47 GMT" time="35.485" errors="0">
  <testcase name="displayTopic" time="35.485" classname="com.edu.forumtopiclist.DisplayTopicTest"/>
</testsuite> <!-- com.edu.forumtopiclist.DisplayTopicTest -->
