<?xml version="1.0" encoding="UTF-8"?>
<!-- Generated by org.testng.reporters.JUnitReportReporter -->
<testsuite hostname="LAPTOP-28J8ISPE" name="com.edu.memberfeedback.PassFeedbackTest" tests="2" failures="0" timestamp="8 Dec 2017 01:33:52 GMT" time="50.745" errors="0">
  <testcase name="pass" time="28.618" classname="com.edu.memberfeedback.PassFeedbackTest"/>
  <testcase name="passBefore" time="22.127" classname="com.edu.memberfeedback.PassFeedbackTest"/>
</testsuite> <!-- com.edu.memberfeedback.PassFeedbackTest -->
