<?xml version="1.0" encoding="UTF-8"?>
<!-- Generated by org.testng.reporters.JUnitReportReporter -->
<testsuite hostname="LAPTOP-28J8ISPE" name="com.edu.blog.DelCategoryTest" tests="1" failures="0" timestamp="13 Dec 2017 06:44:49 GMT" time="46.292" errors="0">
  <testcase name="delCategory" time="46.292" classname="com.edu.blog.DelCategoryTest"/>
</testsuite> <!-- com.edu.blog.DelCategoryTest -->
