<?xml version="1.0" encoding="UTF-8"?>
<!-- Generated by org.testng.reporters.JUnitReportReporter -->
<testsuite skipped="0" hostname="LAPTOP-28J8ISPE" name="com.edu.forumtopiclist.CancelDeleteTest" tests="1" failures="0" timestamp="30 十一月 2017 09:13:35 GMT" time="41.044" errors="0">
  <testcase name="cancelDelete" time="41.044" classname="com.edu.forumtopiclist.CancelDeleteTest"/>
</testsuite> <!-- com.edu.forumtopiclist.CancelDeleteTest -->
