<?xml version="1.0" encoding="UTF-8"?>
<!-- Generated by org.testng.reporters.JUnitReportReporter -->
<testsuite hostname="LAPTOP-28J8ISPE" name="com.edu.login.LoginWrongPasswordTest" tests="1" failures="0" timestamp="8 Dec 2017 06:43:25 GMT" time="5.540" errors="0">
  <testcase name="WrongPassword" time="5.540" classname="com.edu.login.LoginWrongPasswordTest"/>
</testsuite> <!-- com.edu.login.LoginWrongPasswordTest -->
