<?xml version="1.0" encoding="UTF-8"?>
<!-- Generated by org.testng.reporters.JUnitReportReporter -->
<testsuite hostname="LAPTOP-28J8ISPE" name="com.edu.memberforum.AddBoardTest" tests="4" failures="0" timestamp="13 Dec 2017 06:44:49 GMT" time="92.601" errors="0">
  <testcase name="addChildBoard" time="16.656" classname="com.edu.memberforum.AddBoardTest"/>
  <testcase name="addBoard" time="36.424" classname="com.edu.memberforum.AddBoardTest"/>
  <testcase name="delChild" time="25.943" classname="com.edu.memberforum.AddBoardTest"/>
  <testcase name="delBoard" time="13.578" classname="com.edu.memberforum.AddBoardTest"/>
</testsuite> <!-- com.edu.memberforum.AddBoardTest -->
