<?xml version="1.0" encoding="UTF-8"?>
<!-- Generated by org.testng.reporters.JUnitReportReporter -->
<testsuite hostname="LAPTOP-28J8ISPE" name="com.edu.handbook.PreviewHandbookTest" tests="1" failures="0" timestamp="8 Dec 2017 01:33:52 GMT" time="28.735" errors="0">
  <testcase name="previewHandbook" time="28.735" classname="com.edu.handbook.PreviewHandbookTest"/>
</testsuite> <!-- com.edu.handbook.PreviewHandbookTest -->
