<?xml version="1.0" encoding="UTF-8"?>
<!-- Generated by org.testng.reporters.JUnitReportReporter -->
<testsuite hostname="LAPTOP-28J8ISPE" name="com.edu.memberforum.HideTopicTest" tests="1" failures="0" timestamp="13 Dec 2017 06:44:49 GMT" time="35.700" errors="0">
  <testcase name="hideTopic" time="35.700" classname="com.edu.memberforum.HideTopicTest"/>
</testsuite> <!-- com.edu.memberforum.HideTopicTest -->
