<?xml version="1.0" encoding="UTF-8"?>
<!-- Generated by org.testng.reporters.JUnitReportReporter -->
<testsuite hostname="LAPTOP-28J8ISPE" name="com.edu.memberforum.DisplayTopicTest" tests="1" failures="0" timestamp="8 Dec 2017 01:33:52 GMT" time="35.628" errors="0">
  <testcase name="displayTopic" time="35.628" classname="com.edu.memberforum.DisplayTopicTest"/>
</testsuite> <!-- com.edu.memberforum.DisplayTopicTest -->
