<?xml version="1.0" encoding="UTF-8"?>
<!-- Generated by org.testng.reporters.JUnitReportReporter -->
<testsuite skipped="0" hostname="LAPTOP-28J8ISPE" name="com.edu.article.DeleteArticle" tests="1" failures="0" timestamp="22 十一月 2017 00:59:14 GMT" time="8.192" errors="0">
  <testcase name="deleteEssay" time="8.192" classname="com.edu.article.DeleteArticle"/>
</testsuite> <!-- com.edu.article.DeleteArticle -->
