<?xml version="1.0" encoding="UTF-8"?>
<!-- Generated by org.testng.reporters.JUnitReportReporter -->
<testsuite skipped="0" hostname="LAPTOP-28J8ISPE" name="com.edu.handbook.DelHandbookTest" tests="1" failures="0" timestamp="29 十一月 2017 01:24:57 GMT" time="41.946" errors="0">
  <testcase name="delHandbook" time="41.946" classname="com.edu.handbook.DelHandbookTest"/>
</testsuite> <!-- com.edu.handbook.DelHandbookTest -->
