<?xml version="1.0" encoding="UTF-8"?>
<!-- Generated by org.testng.reporters.JUnitReportReporter -->
<testsuite skipped="0" hostname="LAPTOP-28J8ISPE" name="com.edu.forumtopiclist.HideTopicTest" tests="1" failures="0" timestamp="30 十一月 2017 07:39:27 GMT" time="35.473" errors="0">
  <testcase name="hideTopic" time="35.473" classname="com.edu.forumtopiclist.HideTopicTest"/>
</testsuite> <!-- com.edu.forumtopiclist.HideTopicTest -->
