<?xml version="1.0" encoding="UTF-8"?>
<!-- Generated by org.testng.reporters.JUnitReportReporter -->
<testsuite hostname="LAPTOP-28J8ISPE" name="com.edu.article.AddArticleTest" tests="3" failures="0" timestamp="8 Dec 2017 06:43:25 GMT" time="56.176" errors="0">
  <testcase name="addEssay" time="18.488" classname="com.edu.article.AddArticleTest"/>
  <testcase name="addEssay" time="18.826" classname="com.edu.article.AddArticleTest"/>
  <testcase name="addEssay" time="18.862" classname="com.edu.article.AddArticleTest"/>
</testsuite> <!-- com.edu.article.AddArticleTest -->
