<?xml version="1.0" encoding="UTF-8"?>
<!-- Generated by org.testng.reporters.JUnitReportReporter -->
<testsuite skipped="0" hostname="LAPTOP-28J8ISPE" name="com.edu.forumtopiclist.DeleteTopicsTest" tests="3" failures="0" timestamp="30 十一月 2017 08:59:12 GMT" time="116.727" errors="0">
  <testcase name="deleteTopic" time="40.957" classname="com.edu.forumtopiclist.DeleteTopicsTest"/>
  <testcase name="deleteTopic" time="37.962" classname="com.edu.forumtopiclist.DeleteTopicsTest"/>
  <testcase name="deleteTopic" time="37.808" classname="com.edu.forumtopiclist.DeleteTopicsTest"/>
</testsuite> <!-- com.edu.forumtopiclist.DeleteTopicsTest -->
