<?xml version="1.0" encoding="UTF-8"?>
<!-- Generated by org.testng.reporters.JUnitReportReporter -->
<testsuite hostname="LAPTOP-28J8ISPE" name="com.edu.memberfeedback.BoldTest" tests="1" failures="0" timestamp="8 Dec 2017 01:33:52 GMT" time="33.783" errors="0">
  <testcase name="bold" time="33.783" classname="com.edu.memberfeedback.BoldTest"/>
</testsuite> <!-- com.edu.memberfeedback.BoldTest -->
