<?xml version="1.0" encoding="UTF-8"?>
<!-- Generated by org.testng.reporters.JUnitReportReporter -->
<testsuite skipped="0" hostname="LAPTOP-28J8ISPE" name="com.edu.backtest.BaseTest" tests="1" failures="0" timestamp="17 十一月 2017 03:03:11 GMT" time="14.239" errors="0">
  <testcase name="setUpBrowser" time="14.239" classname="com.edu.backtest.BaseTest"/>
</testsuite> <!-- com.edu.backtest.BaseTest -->
