<?xml version="1.0" encoding="UTF-8"?>
<!-- Generated by org.testng.reporters.JUnitReportReporter -->
<testsuite hostname="LAPTOP-28J8ISPE" name="com.edu.memberforum.TransferTopicTest" tests="1" failures="0" timestamp="8 Dec 2017 01:33:52 GMT" time="46.183" errors="0">
  <testcase name="transferTopic" time="46.183" classname="com.edu.memberforum.TransferTopicTest"/>
</testsuite> <!-- com.edu.memberforum.TransferTopicTest -->
