<?xml version="1.0" encoding="UTF-8"?>
<!-- Generated by org.testng.reporters.JUnitReportReporter -->
<testsuite hostname="LAPTOP-28J8ISPE" name="com.edu.memberfeedback.DeleteFeedbackTest" tests="6" failures="0" timestamp="13 Dec 2017 06:44:49 GMT" time="171.169" errors="0">
  <testcase name="delPass" time="27.936" classname="com.edu.memberfeedback.DeleteFeedbackTest"/>
  <testcase name="addFeedback" time="28.509" classname="com.edu.memberfeedback.DeleteFeedbackTest"/>
  <testcase name="addFeedback" time="30.480" classname="com.edu.memberfeedback.DeleteFeedbackTest"/>
  <testcase name="delBefore" time="21.947" classname="com.edu.memberfeedback.DeleteFeedbackTest"/>
  <testcase name="delThis" time="33.641" classname="com.edu.memberfeedback.DeleteFeedbackTest"/>
  <testcase name="addFeedback" time="28.656" classname="com.edu.memberfeedback.DeleteFeedbackTest"/>
</testsuite> <!-- com.edu.memberfeedback.DeleteFeedbackTest -->
