<?xml version="1.0" encoding="UTF-8"?>
<!-- Generated by org.testng.reporters.JUnitReportReporter -->
<testsuite hostname="LAPTOP-28J8ISPE" name="com.edu.memberlist.SelectMemberTest" tests="2" failures="0" timestamp="13 Dec 2017 06:44:49 GMT" time="29.871" errors="0">
  <testcase name="checkAll" time="20.745" classname="com.edu.memberlist.SelectMemberTest"/>
  <testcase name="inverse" time="9.126" classname="com.edu.memberlist.SelectMemberTest"/>
</testsuite> <!-- com.edu.memberlist.SelectMemberTest -->
