<?xml version="1.0" encoding="UTF-8"?>
<!-- Generated by org.testng.reporters.JUnitReportReporter -->
<testsuite hostname="LAPTOP-28J8ISPE" name="com.edu.blog.DelChildCategoryTest" tests="1" failures="0" timestamp="8 Dec 2017 01:33:52 GMT" time="47.000" errors="0">
  <testcase name="delCategory" time="47.000" classname="com.edu.blog.DelChildCategoryTest"/>
</testsuite> <!-- com.edu.blog.DelChildCategoryTest -->
