<?xml version="1.0" encoding="UTF-8"?>
<!-- Generated by org.testng.reporters.JUnitReportReporter -->
<testsuite hostname="LAPTOP-28J8ISPE" name="com.edu.memberforum.ForbidTopicTest" tests="1" failures="0" timestamp="13 Dec 2017 06:44:49 GMT" time="39.867" errors="0">
  <testcase name="forbidTopic" time="39.867" classname="com.edu.memberforum.ForbidTopicTest"/>
</testsuite> <!-- com.edu.memberforum.ForbidTopicTest -->
