<?xml version="1.0" encoding="UTF-8"?>
<!-- Generated by org.testng.reporters.JUnitReportReporter -->
<testsuite hostname="LAPTOP-28J8ISPE" name="com.edu.handbook.PreviewHandbookTest" tests="1" failures="0" timestamp="13 Dec 2017 06:44:49 GMT" time="28.751" errors="0">
  <testcase name="previewHandbook" time="28.751" classname="com.edu.handbook.PreviewHandbookTest"/>
</testsuite> <!-- com.edu.handbook.PreviewHandbookTest -->
