<?xml version="1.0" encoding="UTF-8"?>
<!-- Generated by org.testng.reporters.JUnitReportReporter -->
<testsuite skipped="0" hostname="LAPTOP-28J8ISPE" name="com.edu.forumtopiclist.ForbidTopicTest" tests="1" failures="0" timestamp="30 十一月 2017 09:20:41 GMT" time="40.016" errors="0">
  <testcase name="forbidTopic" time="40.016" classname="com.edu.forumtopiclist.ForbidTopicTest"/>
</testsuite> <!-- com.edu.forumtopiclist.ForbidTopicTest -->
