<?xml version="1.0" encoding="UTF-8"?>
<!-- Generated by org.testng.reporters.JUnitReportReporter -->
<testsuite skipped="0" hostname="LAPTOP-28J8ISPE" name="com.edu.menberforum.OpenReviewTest" tests="1" failures="0" timestamp="05 十二月 2017 00:27:15 GMT" time="35.865" errors="0">
  <testcase name="cancelDelete" time="35.865" classname="com.edu.menberforum.OpenReviewTest"/>
</testsuite> <!-- com.edu.menberforum.OpenReviewTest -->
