<?xml version="1.0" encoding="UTF-8"?>
<!-- Generated by org.testng.reporters.JUnitReportReporter -->
<testsuite skipped="0" hostname="LAPTOP-28J8ISPE" name="com.edu.login.LoginRight" tests="1" failures="0" timestamp="21 十一月 2017 06:52:54 GMT" time="6.484" errors="0">
  <testcase name="LoginSuccess" time="6.484" classname="com.edu.login.LoginRight"/>
</testsuite> <!-- com.edu.login.LoginRight -->
