<?xml version="1.0" encoding="UTF-8"?>
<!-- Generated by org.testng.reporters.JUnitReportReporter -->
<testsuite hostname="LAPTOP-28J8ISPE" name="com.edu.handbook.AddHandbookTest" tests="3" failures="0" timestamp="13 Dec 2017 06:44:49 GMT" time="133.344" errors="0">
  <testcase name="addHandbook" time="43.561" classname="com.edu.handbook.AddHandbookTest"/>
  <testcase name="addHandbook" time="46.247" classname="com.edu.handbook.AddHandbookTest"/>
  <testcase name="addHandbook" time="43.536" classname="com.edu.handbook.AddHandbookTest"/>
</testsuite> <!-- com.edu.handbook.AddHandbookTest -->
