<?xml version="1.0" encoding="UTF-8"?>
<!-- Generated by org.testng.reporters.JUnitReportReporter -->
<testsuite hostname="LAPTOP-28J8ISPE" name="com.edu.article.EditArticleTest" tests="2" failures="0" timestamp="13 Dec 2017 06:44:49 GMT" time="17.745" errors="0">
  <testcase name="ChooseSkip" time="8.859" classname="com.edu.article.EditArticleTest"/>
  <testcase name="CancelSkip" time="8.886" classname="com.edu.article.EditArticleTest"/>
</testsuite> <!-- com.edu.article.EditArticleTest -->
