<?xml version="1.0" encoding="UTF-8"?>
<!-- Generated by org.testng.reporters.JUnitReportReporter -->
<testsuite hostname="LAPTOP-28J8ISPE" name="com.edu.memberfeedback.BoldTest" tests="1" failures="0" timestamp="13 Dec 2017 06:44:49 GMT" time="34.049" errors="0">
  <testcase name="bold" time="34.049" classname="com.edu.memberfeedback.BoldTest"/>
</testsuite> <!-- com.edu.memberfeedback.BoldTest -->
