<?xml version="1.0" encoding="UTF-8"?>
<!-- Generated by org.testng.reporters.JUnitReportReporter -->
<testsuite hostname="LAPTOP-28J8ISPE" name="com.edu.memberfeedback.ReplyTest" tests="1" failures="0" timestamp="13 Dec 2017 06:44:49 GMT" time="37.264" errors="0">
  <testcase name="reply" time="37.264" classname="com.edu.memberfeedback.ReplyTest"/>
</testsuite> <!-- com.edu.memberfeedback.ReplyTest -->
