<?xml version="1.0" encoding="UTF-8"?>
<!-- Generated by org.testng.reporters.JUnitReportReporter -->
<testsuite hostname="LAPTOP-28J8ISPE" name="com.edu.memberlist.ForbidUserTest" tests="2" failures="0" timestamp="8 Dec 2017 01:33:52 GMT" time="52.226" errors="0">
  <testcase name="forbidUser" time="38.095" classname="com.edu.memberlist.ForbidUserTest"/>
  <testcase name="liftBan" time="14.131" classname="com.edu.memberlist.ForbidUserTest"/>
</testsuite> <!-- com.edu.memberlist.ForbidUserTest -->
