<?xml version="1.0" encoding="UTF-8"?>
<!-- Generated by org.testng.reporters.JUnitReportReporter -->
<testsuite hostname="LAPTOP-28J8ISPE" name="com.edu.login.LoginWrongUsernameTest" tests="1" failures="0" timestamp="8 Dec 2017 06:43:25 GMT" time="7.576" errors="0">
  <testcase name="WrongUsername" time="7.576" classname="com.edu.login.LoginWrongUsernameTest"/>
</testsuite> <!-- com.edu.login.LoginWrongUsernameTest -->
