<?xml version="1.0" encoding="UTF-8"?>
<!-- Generated by org.testng.reporters.JUnitReportReporter -->
<testsuite hostname="LAPTOP-28J8ISPE" name="com.edu.blog.DelCategoryTest" tests="1" failures="0" timestamp="8 Dec 2017 01:33:52 GMT" time="45.961" errors="0">
  <testcase name="delCategory" time="45.961" classname="com.edu.blog.DelCategoryTest"/>
</testsuite> <!-- com.edu.blog.DelCategoryTest -->
