<?xml version="1.0" encoding="UTF-8"?>
<!-- Generated by org.testng.reporters.JUnitReportReporter -->
<testsuite hostname="LAPTOP-28J8ISPE" name="com.edu.login.LoginRightTest" tests="1" failures="0" timestamp="8 Dec 2017 07:11:48 GMT" time="6.580" errors="0">
  <testcase name="LoginSuccess" time="6.580" classname="com.edu.login.LoginRightTest"/>
</testsuite> <!-- com.edu.login.LoginRightTest -->
