<?xml version="1.0" encoding="UTF-8"?>
<!-- Generated by org.testng.reporters.JUnitReportReporter -->
<testsuite hostname="LAPTOP-28J8ISPE" name="com.edu.memberforum.DisplayTopicTest" tests="1" failures="0" timestamp="13 Dec 2017 06:44:49 GMT" time="35.669" errors="0">
  <testcase name="displayTopic" time="35.669" classname="com.edu.memberforum.DisplayTopicTest"/>
</testsuite> <!-- com.edu.memberforum.DisplayTopicTest -->
