<?xml version="1.0" encoding="UTF-8"?>
<!-- Generated by org.testng.reporters.JUnitReportReporter -->
<testsuite skipped="0" hostname="LAPTOP-28J8ISPE" name="com.edu.forumtopiclist.TransferTopicTest" tests="1" failures="0" timestamp="30 十一月 2017 08:29:34 GMT" time="46.401" errors="0">
  <testcase name="transferTopic" time="46.401" classname="com.edu.forumtopiclist.TransferTopicTest"/>
</testsuite> <!-- com.edu.forumtopiclist.TransferTopicTest -->
