<?xml version="1.0" encoding="UTF-8"?>
<!-- Generated by org.testng.reporters.JUnitReportReporter -->
<testsuite hostname="LAPTOP-28J8ISPE" name="com.edu.memberforum.AddBoardTest" tests="4" failures="0" timestamp="8 Dec 2017 01:33:52 GMT" time="92.577" errors="0">
  <testcase name="delBoard" time="13.611" classname="com.edu.memberforum.AddBoardTest"/>
  <testcase name="addChildBoard" time="16.690" classname="com.edu.memberforum.AddBoardTest"/>
  <testcase name="addBoard" time="36.482" classname="com.edu.memberforum.AddBoardTest"/>
  <testcase name="delChild" time="25.794" classname="com.edu.memberforum.AddBoardTest"/>
</testsuite> <!-- com.edu.memberforum.AddBoardTest -->
