<?xml version="1.0" encoding="UTF-8"?>
<!-- Generated by org.testng.reporters.JUnitReportReporter -->
<testsuite hostname="LAPTOP-28J8ISPE" name="com.edu.memberlist.DeleteUserTest" tests="1" failures="0" timestamp="13 Dec 2017 06:44:49 GMT" time="43.726" errors="0">
  <testcase name="delUser" time="43.726" classname="com.edu.memberlist.DeleteUserTest"/>
</testsuite> <!-- com.edu.memberlist.DeleteUserTest -->
