<?xml version="1.0" encoding="UTF-8"?>
<!-- Generated by org.testng.reporters.JUnitReportReporter -->
<testsuite hostname="LAPTOP-28J8ISPE" name="com.edu.memberforum.CancelDeleteTest" tests="1" failures="0" timestamp="13 Dec 2017 06:44:49 GMT" time="41.060" errors="0">
  <testcase name="cancelDelete" time="41.060" classname="com.edu.memberforum.CancelDeleteTest"/>
</testsuite> <!-- com.edu.memberforum.CancelDeleteTest -->
