<?xml version="1.0" encoding="UTF-8"?>
<!-- Generated by org.testng.reporters.JUnitReportReporter -->
<testsuite hostname="LAPTOP-28J8ISPE" name="com.edu.memberlist.PointsTest" tests="2" failures="0" timestamp="13 Dec 2017 06:44:49 GMT" time="78.821" errors="0">
  <testcase name="rewardPoints" time="45.398" classname="com.edu.memberlist.PointsTest"/>
  <testcase name="takeOutPoints" time="33.423" classname="com.edu.memberlist.PointsTest"/>
</testsuite> <!-- com.edu.memberlist.PointsTest -->
