<?xml version="1.0" encoding="UTF-8"?>
<!-- Generated by org.testng.reporters.JUnitReportReporter -->
<testsuite hostname="LAPTOP-28J8ISPE" name="com.edu.memberforum.CancelDeleteTest" tests="1" failures="0" timestamp="8 Dec 2017 01:33:52 GMT" time="40.791" errors="0">
  <testcase name="cancelDelete" time="40.791" classname="com.edu.memberforum.CancelDeleteTest"/>
</testsuite> <!-- com.edu.memberforum.CancelDeleteTest -->
