<?xml version="1.0" encoding="UTF-8"?>
<!-- Generated by org.testng.reporters.JUnitReportReporter -->
<testsuite hostname="LAPTOP-28J8ISPE" name="com.edu.memberforum.DeleteTopicTest" tests="3" failures="0" timestamp="13 Dec 2017 06:44:49 GMT" time="116.352" errors="0">
  <testcase name="deleteTopic" time="40.969" classname="com.edu.memberforum.DeleteTopicTest"/>
  <testcase name="deleteTopic" time="37.637" classname="com.edu.memberforum.DeleteTopicTest"/>
  <testcase name="deleteTopic" time="37.746" classname="com.edu.memberforum.DeleteTopicTest"/>
</testsuite> <!-- com.edu.memberforum.DeleteTopicTest -->
