<?xml version="1.0" encoding="UTF-8"?>
<!-- Generated by org.testng.reporters.JUnitReportReporter -->
<testsuite hostname="LAPTOP-28J8ISPE" name="com.edu.memberlist.MemberAuthorityTest" tests="3" failures="0" timestamp="13 Dec 2017 06:44:49 GMT" time="110.015" errors="0">
  <testcase name="adminPower" time="48.197" classname="com.edu.memberlist.MemberAuthorityTest"/>
  <testcase name="noPower" time="30.907" classname="com.edu.memberlist.MemberAuthorityTest"/>
  <testcase name="superPower" time="30.911" classname="com.edu.memberlist.MemberAuthorityTest"/>
</testsuite> <!-- com.edu.memberlist.MemberAuthorityTest -->
