<?xml version="1.0" encoding="UTF-8"?>
<!-- Generated by org.testng.reporters.JUnitReportReporter -->
<testsuite hostname="LAPTOP-28J8ISPE" name="com.edu.memberforum.OpenReviewTest" tests="2" failures="0" timestamp="8 Dec 2017 01:33:52 GMT" time="68.156" errors="0">
  <testcase name="openReview" time="35.541" classname="com.edu.memberforum.OpenReviewTest"/>
  <testcase name="closeReview" time="32.615" classname="com.edu.memberforum.OpenReviewTest"/>
</testsuite> <!-- com.edu.memberforum.OpenReviewTest -->
