<?xml version="1.0" encoding="UTF-8"?>
<!-- Generated by org.testng.reporters.JUnitReportReporter -->
<testsuite hostname="LAPTOP-28J8ISPE" name="com.edu.login.LoginWebtest" tests="1" failures="0" timestamp="13 Dec 2017 06:44:49 GMT" time="11.990" errors="0">
  <testcase name="loginBack" time="11.990" classname="com.edu.login.LoginWebtest"/>
</testsuite> <!-- com.edu.login.LoginWebtest -->
