<?xml version="1.0" encoding="UTF-8"?>
<!-- Generated by org.testng.reporters.JUnitReportReporter -->
<testsuite skipped="0" hostname="LAPTOP-28J8ISPE" name="com.edu.forumothers.AddBoardTest" tests="4" failures="0" timestamp="05 十二月 2017 00:13:06 GMT" time="92.217" errors="0">
  <testcase name="addBoard" time="36.281" classname="com.edu.forumothers.AddBoardTest"/>
  <testcase name="addChildBoard" time="16.682" classname="com.edu.forumothers.AddBoardTest"/>
  <testcase name="delChild" time="25.645" classname="com.edu.forumothers.AddBoardTest"/>
  <testcase name="delBoard" time="13.609" classname="com.edu.forumothers.AddBoardTest"/>
</testsuite> <!-- com.edu.forumothers.AddBoardTest -->
