<?xml version="1.0" encoding="UTF-8"?>
<!-- Generated by org.testng.reporters.JUnitReportReporter -->
<testsuite hostname="LAPTOP-28J8ISPE" name="com.edu.article.DeleteArticleTest" tests="1" failures="0" timestamp="13 Dec 2017 06:44:49 GMT" time="9.787" errors="0">
  <testcase name="deleteEssay" time="9.787" classname="com.edu.article.DeleteArticleTest"/>
</testsuite> <!-- com.edu.article.DeleteArticleTest -->
