<?xml version="1.0" encoding="UTF-8"?>
<!-- Generated by org.testng.reporters.JUnitReportReporter -->
<testsuite hostname="LAPTOP-28J8ISPE" name="com.edu.memberlist.SelectMemberTest" tests="2" failures="0" timestamp="8 Dec 2017 01:33:52 GMT" time="29.847" errors="0">
  <testcase name="inverse" time="8.977" classname="com.edu.memberlist.SelectMemberTest"/>
  <testcase name="checkAll" time="20.870" classname="com.edu.memberlist.SelectMemberTest"/>
</testsuite> <!-- com.edu.memberlist.SelectMemberTest -->
