<?xml version="1.0" encoding="UTF-8"?>
<!-- Generated by org.testng.reporters.JUnitReportReporter -->
<testsuite hostname="LAPTOP-28J8ISPE" name="com.edu.memberforum.HideTopicTest" tests="1" failures="0" timestamp="8 Dec 2017 01:33:52 GMT" time="35.676" errors="0">
  <testcase name="hideTopic" time="35.676" classname="com.edu.memberforum.HideTopicTest"/>
</testsuite> <!-- com.edu.memberforum.HideTopicTest -->
