<?xml version="1.0" encoding="UTF-8"?>
<!-- Generated by org.testng.reporters.JUnitReportReporter -->
<testsuite hostname="LAPTOP-28J8ISPE" name="com.edu.singlepage.AddTest" tests="2" failures="0" timestamp="13 Dec 2017 06:44:49 GMT" time="47.570" errors="0">
  <testcase name="addSinglePage" time="23.859" classname="com.edu.singlepage.AddTest"/>
  <testcase name="addSinglePage" time="23.711" classname="com.edu.singlepage.AddTest"/>
</testsuite> <!-- com.edu.singlepage.AddTest -->
