<?xml version="1.0" encoding="UTF-8"?>
<!-- Generated by org.testng.reporters.JUnitReportReporter -->
<testsuite hostname="LAPTOP-28J8ISPE" name="com.edu.article.TurnForumTest" tests="1" failures="0" timestamp="13 Dec 2017 06:44:49 GMT" time="17.994" errors="0">
  <testcase name="turnForum" time="17.994" classname="com.edu.article.TurnForumTest"/>
</testsuite> <!-- com.edu.article.TurnForumTest -->
