<?xml version="1.0" encoding="UTF-8"?>
<!-- Generated by org.testng.reporters.JUnitReportReporter -->
<testsuite hostname="LAPTOP-28J8ISPE" name="com.edu.memberfeedback.PassFeedbackTest" tests="2" failures="0" timestamp="13 Dec 2017 06:44:49 GMT" time="50.483" errors="0">
  <testcase name="passBefore" time="21.971" classname="com.edu.memberfeedback.PassFeedbackTest"/>
  <testcase name="pass" time="28.512" classname="com.edu.memberfeedback.PassFeedbackTest"/>
</testsuite> <!-- com.edu.memberfeedback.PassFeedbackTest -->
