<?xml version="1.0" encoding="UTF-8"?>
<!-- Generated by org.testng.reporters.JUnitReportReporter -->
<testsuite hostname="LAPTOP-28J8ISPE" name="com.edu.handbook.AddChapterTest" tests="1" failures="0" timestamp="13 Dec 2017 06:44:49 GMT" time="58.288" errors="0">
  <testcase name="addChapter" time="58.288" classname="com.edu.handbook.AddChapterTest"/>
</testsuite> <!-- com.edu.handbook.AddChapterTest -->
