<?xml version="1.0" encoding="UTF-8"?>
<!-- Generated by org.testng.reporters.JUnitReportReporter -->
<testsuite hostname="LAPTOP-28J8ISPE" name="com.edu.article.AddArticleTest" tests="3" failures="0" timestamp="13 Dec 2017 06:44:49 GMT" time="55.942" errors="0">
  <testcase name="addEssay" time="18.451" classname="com.edu.article.AddArticleTest"/>
  <testcase name="addEssay" time="18.823" classname="com.edu.article.AddArticleTest"/>
  <testcase name="addEssay" time="18.668" classname="com.edu.article.AddArticleTest"/>
</testsuite> <!-- com.edu.article.AddArticleTest -->
