<?xml version="1.0" encoding="UTF-8"?>
<!-- Generated by org.testng.reporters.JUnitReportReporter -->
<testsuite hostname="LAPTOP-28J8ISPE" name="com.edu.memberlist.MemberAuthorityTest" tests="3" failures="0" timestamp="8 Dec 2017 01:33:52 GMT" time="109.966" errors="0">
  <testcase name="noPower" time="30.941" classname="com.edu.memberlist.MemberAuthorityTest"/>
  <testcase name="superPower" time="30.842" classname="com.edu.memberlist.MemberAuthorityTest"/>
  <testcase name="adminPower" time="48.183" classname="com.edu.memberlist.MemberAuthorityTest"/>
</testsuite> <!-- com.edu.memberlist.MemberAuthorityTest -->
