<?xml version="1.0" encoding="UTF-8"?>
<!-- Generated by org.testng.reporters.JUnitReportReporter -->
<testsuite hostname="LAPTOP-28J8ISPE" name="com.edu.memberlist.PointsTest" tests="2" failures="0" timestamp="8 Dec 2017 01:33:52 GMT" time="78.625" errors="0">
  <testcase name="takeOutPoints" time="33.363" classname="com.edu.memberlist.PointsTest"/>
  <testcase name="rewardPoints" time="45.262" classname="com.edu.memberlist.PointsTest"/>
</testsuite> <!-- com.edu.memberlist.PointsTest -->
