<?xml version="1.0" encoding="UTF-8"?>
<!-- Generated by org.testng.reporters.JUnitReportReporter -->
<testsuite hostname="LAPTOP-28J8ISPE" name="com.edu.memberlist.ForbidUserTest" tests="2" failures="0" timestamp="13 Dec 2017 06:44:49 GMT" time="52.495" errors="0">
  <testcase name="forbidUser" time="38.355" classname="com.edu.memberlist.ForbidUserTest"/>
  <testcase name="liftBan" time="14.140" classname="com.edu.memberlist.ForbidUserTest"/>
</testsuite> <!-- com.edu.memberlist.ForbidUserTest -->
