<?xml version="1.0" encoding="UTF-8"?>
<!-- Generated by org.testng.reporters.JUnitReportReporter -->
<testsuite hostname="LAPTOP-28J8ISPE" name="com.edu.article.PreviewArticleTest" tests="1" failures="0" timestamp="13 Dec 2017 06:44:49 GMT" time="10.222" errors="0">
  <testcase name="previewEssay" time="10.222" classname="com.edu.article.PreviewArticleTest"/>
</testsuite> <!-- com.edu.article.PreviewArticleTest -->
