<?xml version="1.0" encoding="UTF-8"?>
<!-- Generated by org.testng.reporters.JUnitReportReporter -->
<testsuite hostname="LAPTOP-28J8ISPE" name="com.edu.blog.AddBlogTest" tests="3" failures="0" timestamp="13 Dec 2017 06:44:49 GMT" time="157.897" errors="0">
  <testcase name="addBlog" time="52.137" classname="com.edu.blog.AddBlogTest"/>
  <testcase name="addBlog" time="51.377" classname="com.edu.blog.AddBlogTest"/>
  <testcase name="addBlog" time="54.383" classname="com.edu.blog.AddBlogTest"/>
</testsuite> <!-- com.edu.blog.AddBlogTest -->
