<?xml version="1.0" encoding="UTF-8"?>
<!-- Generated by org.testng.reporters.JUnitReportReporter -->
<testsuite hostname="LAPTOP-28J8ISPE" name="com.edu.blog.AddCategoryTest" tests="2" failures="0" timestamp="13 Dec 2017 06:44:49 GMT" time="77.938" errors="0">
  <testcase name="addChildCategory" time="36.099" classname="com.edu.blog.AddCategoryTest"/>
  <testcase name="addCategory" time="41.839" classname="com.edu.blog.AddCategoryTest"/>
</testsuite> <!-- com.edu.blog.AddCategoryTest -->
